2022-03-28 09:51:57 [scrapy.utils.log] INFO: Scrapy 2.6.1 started (bot: baidu)
2022-03-28 09:51:57 [scrapy.utils.log] INFO: Versions: lxml 4.8.0.0, libxml2 2.9.12, cssselect 1.1.0, parsel 1.6.0, w3lib 1.22.0, Twisted 22.2.0, Python 3.10.2 (tags/v3.10.2:a58ebcc, Jan 17 2022, 14:12:15) [MSC v.1929 64 bit (AMD64)], pyOpenSSL 22.0.0 (OpenSSL 1.1.1m  14 Dec 2021), cryptography 36.0.1, Platform Windows-10-10.0.19044-SP0
2022-03-28 09:51:57 [scrapy.crawler] INFO: Overridden settings:
{'BOT_NAME': 'baidu',
 'LOG_FILE': 'logdemo.log',
 'NEWSPIDER_MODULE': 'baidu.spiders',
 'SPIDER_MODULES': ['baidu.spiders']}
2022-03-28 09:51:57 [scrapy.utils.log] DEBUG: Using reactor: twisted.internet.selectreactor.SelectReactor
2022-03-28 09:51:57 [scrapy.extensions.telnet] INFO: Telnet Password: 9fe739b6708351d6
2022-03-28 09:51:57 [scrapy.middleware] INFO: Enabled extensions:
['scrapy.extensions.corestats.CoreStats',
 'scrapy.extensions.telnet.TelnetConsole',
 'scrapy.extensions.logstats.LogStats']
2022-03-28 09:51:57 [scrapy.middleware] INFO: Enabled downloader middlewares:
['scrapy.downloadermiddlewares.httpauth.HttpAuthMiddleware',
 'scrapy.downloadermiddlewares.downloadtimeout.DownloadTimeoutMiddleware',
 'scrapy.downloadermiddlewares.defaultheaders.DefaultHeadersMiddleware',
 'scrapy.downloadermiddlewares.useragent.UserAgentMiddleware',
 'scrapy.downloadermiddlewares.retry.RetryMiddleware',
 'scrapy.downloadermiddlewares.redirect.MetaRefreshMiddleware',
 'scrapy.downloadermiddlewares.httpcompression.HttpCompressionMiddleware',
 'scrapy.downloadermiddlewares.redirect.RedirectMiddleware',
 'scrapy.downloadermiddlewares.cookies.CookiesMiddleware',
 'scrapy.downloadermiddlewares.httpproxy.HttpProxyMiddleware',
 'scrapy.downloadermiddlewares.stats.DownloaderStats']
2022-03-28 09:51:57 [scrapy.middleware] INFO: Enabled spider middlewares:
['scrapy.spidermiddlewares.httperror.HttpErrorMiddleware',
 'scrapy.spidermiddlewares.offsite.OffsiteMiddleware',
 'scrapy.spidermiddlewares.referer.RefererMiddleware',
 'scrapy.spidermiddlewares.urllength.UrlLengthMiddleware',
 'scrapy.spidermiddlewares.depth.DepthMiddleware']
2022-03-28 09:51:57 [scrapy.middleware] INFO: Enabled item pipelines:
[]
2022-03-28 09:51:57 [scrapy.core.engine] INFO: Spider opened
2022-03-28 09:51:58 [scrapy.extensions.logstats] INFO: Crawled 0 pages (at 0 pages/min), scraped 0 items (at 0 items/min)
2022-03-28 09:51:58 [scrapy.extensions.telnet] INFO: Telnet console listening on 127.0.0.1:6023
2022-03-28 09:51:59 [filelock] DEBUG: Attempting to acquire lock 2520485750640 on D:\App\Python\lib\site-packages\tldextract\.suffix_cache/publicsuffix.org-tlds\de84b5ca2167d4c83e38fb162f2e8738.tldextract.json.lock
2022-03-28 09:51:59 [filelock] DEBUG: Lock 2520485750640 acquired on D:\App\Python\lib\site-packages\tldextract\.suffix_cache/publicsuffix.org-tlds\de84b5ca2167d4c83e38fb162f2e8738.tldextract.json.lock
2022-03-28 09:51:59 [filelock] DEBUG: Attempting to acquire lock 2520485752464 on D:\App\Python\lib\site-packages\tldextract\.suffix_cache/urls\62bf135d1c2f3d4db4228b9ecaf507a2.tldextract.json.lock
2022-03-28 09:51:59 [filelock] DEBUG: Lock 2520485752464 acquired on D:\App\Python\lib\site-packages\tldextract\.suffix_cache/urls\62bf135d1c2f3d4db4228b9ecaf507a2.tldextract.json.lock
2022-03-28 09:51:59 [filelock] DEBUG: Attempting to release lock 2520485752464 on D:\App\Python\lib\site-packages\tldextract\.suffix_cache/urls\62bf135d1c2f3d4db4228b9ecaf507a2.tldextract.json.lock
2022-03-28 09:51:59 [filelock] DEBUG: Lock 2520485752464 released on D:\App\Python\lib\site-packages\tldextract\.suffix_cache/urls\62bf135d1c2f3d4db4228b9ecaf507a2.tldextract.json.lock
2022-03-28 09:51:59 [filelock] DEBUG: Attempting to release lock 2520485750640 on D:\App\Python\lib\site-packages\tldextract\.suffix_cache/publicsuffix.org-tlds\de84b5ca2167d4c83e38fb162f2e8738.tldextract.json.lock
2022-03-28 09:51:59 [filelock] DEBUG: Lock 2520485750640 released on D:\App\Python\lib\site-packages\tldextract\.suffix_cache/publicsuffix.org-tlds\de84b5ca2167d4c83e38fb162f2e8738.tldextract.json.lock
2022-03-28 09:51:59 [scrapy.core.engine] DEBUG: Crawled (200) <GET https://www.baidu.com/> (referer: None)
2022-03-28 09:51:59 [scrapy.core.engine] INFO: Closing spider (finished)
2022-03-28 09:51:59 [scrapy.statscollectors] INFO: Dumping Scrapy stats:
{'downloader/request_bytes': 213,
 'downloader/request_count': 1,
 'downloader/request_method_count/GET': 1,
 'downloader/response_bytes': 1511,
 'downloader/response_count': 1,
 'downloader/response_status_count/200': 1,
 'elapsed_time_seconds': 1.074312,
 'finish_reason': 'finished',
 'finish_time': datetime.datetime(2022, 3, 28, 1, 51, 59, 160360),
 'httpcompression/response_bytes': 2443,
 'httpcompression/response_count': 1,
 'log_count/DEBUG': 10,
 'log_count/INFO': 10,
 'response_received_count': 1,
 'scheduler/dequeued': 1,
 'scheduler/dequeued/memory': 1,
 'scheduler/enqueued': 1,
 'scheduler/enqueued/memory': 1,
 'start_time': datetime.datetime(2022, 3, 28, 1, 51, 58, 86048)}
2022-03-28 09:51:59 [scrapy.core.engine] INFO: Spider closed (finished)
